{"D:\\project\\backend-dicoding\\javascript-basic\\Testing\\gradeCalculations.js": {"path":"D:\\project\\backend-dicoding\\javascript-basic\\Testing\\gradeCalculations.js","statementMap":{"0":{"start":{"line":2,"column":21},"end":{"line":11,"column":1}},"1":{"start":{"line":3,"column":27},"end":{"line":3,"column":79}},"2":{"start":{"line":3,"column":54},"end":{"line":3,"column":78}},"3":{"start":{"line":4,"column":2},"end":{"line":4,"column":60}},"4":{"start":{"line":4,"column":25},"end":{"line":4,"column":60}},"5":{"start":{"line":6,"column":20},"end":{"line":9,"column":3}},"6":{"start":{"line":7,"column":35},"end":{"line":7,"column":61}},"7":{"start":{"line":10,"column":2},"end":{"line":10,"column":39}},"8":{"start":{"line":14,"column":26},"end":{"line":25,"column":1}},"9":{"start":{"line":15,"column":20},"end":{"line":15,"column":22}},"10":{"start":{"line":16,"column":18},"end":{"line":16,"column":42}},"11":{"start":{"line":18,"column":2},"end":{"line":24,"column":3}},"12":{"start":{"line":19,"column":4},"end":{"line":19,"column":42}},"13":{"start":{"line":20,"column":4},"end":{"line":20,"column":16}},"14":{"start":{"line":22,"column":4},"end":{"line":22,"column":42}},"15":{"start":{"line":23,"column":4},"end":{"line":23,"column":17}},"16":{"start":{"line":27,"column":0},"end":{"line":27,"column":53}}},"fnMap":{"0":{"name":"(anonymous_0)","decl":{"start":{"line":2,"column":21},"end":{"line":2,"column":22}},"loc":{"start":{"line":2,"column":37},"end":{"line":11,"column":1}},"line":2},"1":{"name":"(anonymous_1)","decl":{"start":{"line":3,"column":44},"end":{"line":3,"column":45}},"loc":{"start":{"line":3,"column":54},"end":{"line":3,"column":78}},"line":3},"2":{"name":"(anonymous_2)","decl":{"start":{"line":7,"column":4},"end":{"line":7,"column":5}},"loc":{"start":{"line":7,"column":35},"end":{"line":7,"column":61}},"line":7},"3":{"name":"(anonymous_3)","decl":{"start":{"line":14,"column":26},"end":{"line":14,"column":27}},"loc":{"start":{"line":14,"column":48},"end":{"line":25,"column":1}},"line":14}},"branchMap":{"0":{"loc":{"start":{"line":4,"column":2},"end":{"line":4,"column":60}},"type":"if","locations":[{"start":{"line":4,"column":2},"end":{"line":4,"column":60}},{"start":{},"end":{}}],"line":4},"1":{"loc":{"start":{"line":18,"column":2},"end":{"line":24,"column":3}},"type":"if","locations":[{"start":{"line":18,"column":2},"end":{"line":24,"column":3}},{"start":{"line":21,"column":9},"end":{"line":24,"column":3}}],"line":18}},"s":{"0":1,"1":3,"2":12,"3":3,"4":0,"5":3,"6":12,"7":3,"8":1,"9":2,"10":2,"11":2,"12":1,"13":1,"14":1,"15":1,"16":1},"f":{"0":3,"1":12,"2":12,"3":2},"b":{"0":[0,3],"1":[1,1]},"_coverageSchema":"1a1c01bbd47fc00a2c39e90264f33305004495a9","hash":"799edd912c14c046161136e4320f69cdd82f4874"}
}
